#
# There is insufficient memory for the Java Runtime Environment to continue.
# Native memory allocation (malloc) failed to allocate 2305440 bytes. Error detail: Chunk::new
# Possible reasons:
#   The system is out of physical RAM or swap space
#   This process is running with CompressedOops enabled, and the Java Heap may be blocking the growth of the native heap
# Possible solutions:
#   Reduce memory load on the system
#   Increase physical memory or swap space
#   Check if swap backing store is full
#   Decrease Java heap size (-Xmx/-Xms)
#   Decrease number of Java threads
#   Decrease Java thread stack sizes (-Xss)
#   Set larger code cache with -XX:ReservedCodeCacheSize=
#   JVM is running with Unscaled Compressed Oops mode in which the Java heap is
#     placed in the first 4GB address space. The Java Heap base address is the
#     maximum limit for the native heap growth. Please use -XX:HeapBaseMinAddress
#     to set the Java Heap base and to place the Java Heap above 4GB virtual address.
# This output file may be truncated or incomplete.
#
#  Out of Memory Error (arena.cpp:168), pid=20652, tid=20316
#
# JRE version: OpenJDK Runtime Environment Temurin-21.0.6+7 (21.0.6+7) (build 21.0.6+7-LTS)
# Java VM: OpenJDK 64-Bit Server VM Temurin-21.0.6+7 (21.0.6+7-LTS, mixed mode, sharing, tiered, compressed oops, compressed class ptrs, parallel gc, windows-amd64)
# No core dump will be written. Minidumps are not enabled by default on client versions of Windows
#

---------------  S U M M A R Y ------------

Command Line: --add-modules=ALL-SYSTEM --add-opens=java.base/java.util=ALL-UNNAMED --add-opens=java.base/java.lang=ALL-UNNAMED --add-opens=java.base/sun.nio.fs=ALL-UNNAMED -Declipse.application=org.eclipse.jdt.ls.core.id1 -Dosgi.bundles.defaultStartLevel=4 -Declipse.product=org.eclipse.jdt.ls.core.product -Djava.import.generatesMetadataFilesAtProjectRoot=false -DDetectVMInstallationsJob.disabled=true -Dfile.encoding=utf8 -XX:+UseParallelGC -XX:GCTimeRatio=4 -XX:AdaptiveSizePolicyWeight=90 -Dsun.zip.disableMemoryMapping=true -Xmx1G -Xms100m -Xlog:disable -javaagent:c:\Users\patri\.vscode\extensions\redhat.java-1.42.2025040208-win32-x64\lombok\lombok-1.18.36.jar c:\Users\patri\.vscode\extensions\redhat.java-1.42.2025040208-win32-x64\server\plugins\org.eclipse.equinox.launcher_1.7.0.v20250331-1702.jar -configuration c:\Users\patri\AppData\Roaming\Code\User\globalStorage\redhat.java\1.42.2025040208\config_ss_win -data c:\Users\patri\AppData\Roaming\Code\User\workspaceStorage\f09a05064db91790f4a48b3105d2d507\redhat.java\ss_ws --pipe=\\.\pipe\lsp-49bfe861bc1f3c1be76d71e536933db2-sock

Host: AMD Ryzen 5 5500U with Radeon Graphics         , 12 cores, 5G,  Windows 11 , 64 bit Build 22621 (10.0.22621.5124)
Time: Sun Apr 27 20:46:53 2025 Hora oficial do Brasil elapsed time: 14.254978 seconds (0d 0h 0m 14s)

---------------  T H R E A D  ---------------

Current thread (0x000001fd77e3b060):  JavaThread "C2 CompilerThread0" daemon [_thread_in_native, id=20316, stack(0x0000000187200000,0x0000000187300000) (1024K)]


Current CompileTask:
C2:14255 3107       4       org.lombokweb.asm.ClassReader::readMethod (1070 bytes)

Stack: [0x0000000187200000,0x0000000187300000]
Native frames: (J=compiled Java code, j=interpreted, Vv=VM code, C=native code)
V  [jvm.dll+0x6cdee9]
V  [jvm.dll+0x8a83d1]
V  [jvm.dll+0x8aa8fe]
V  [jvm.dll+0x8aafe3]
V  [jvm.dll+0x27f706]
V  [jvm.dll+0xc500d]
V  [jvm.dll+0xc5543]
V  [jvm.dll+0x3b678c]
V  [jvm.dll+0x1e0009]
V  [jvm.dll+0x247b42]
V  [jvm.dll+0x246fcf]
V  [jvm.dll+0x1c75ee]
V  [jvm.dll+0x25685a]
V  [jvm.dll+0x254dfa]
V  [jvm.dll+0x3f0256]
V  [jvm.dll+0x851f8b]
V  [jvm.dll+0x6cc5ed]
C  [ucrtbase.dll+0x29333]
C  [KERNEL32.DLL+0x1259d]
C  [ntdll.dll+0x5af38]


---------------  P R O C E S S  ---------------

Threads class SMR info:
_java_thread_list=0x000001fd7e010b80, length=33, elements={
0x000001fd1f2a6710, 0x000001fd77e27400, 0x000001fd35afcae0, 0x000001fd35afe520,
0x000001fd77e2f1a0, 0x000001fd77e300b0, 0x000001fd77e35480, 0x000001fd77e3b060,
0x000001fd77e44f20, 0x000001fd77f3aca0, 0x000001fd781b9820, 0x000001fd7d1f9a90,
0x000001fd7d74c130, 0x000001fd7d4e4c90, 0x000001fd7d1fd520, 0x000001fd7d1fdb80,
0x000001fd7d1fe1e0, 0x000001fd7d4e40c0, 0x000001fd7d538ac0, 0x000001fd7d4401e0,
0x000001fd7d43f4c0, 0x000001fd7d440f00, 0x000001fd7d43fb50, 0x000001fd7d43da80,
0x000001fd7d43e110, 0x000001fd7d440870, 0x000001fd7d43e7a0, 0x000001fd7d43ee30,
0x000001fd7dcb3330, 0x000001fd7dcb39c0, 0x000001fd7dcb2610, 0x000001fd7dcaf820,
0x000001fd77e45cc0
}

Java Threads: ( => current thread )
  0x000001fd1f2a6710 JavaThread "main"                              [_thread_blocked, id=9176, stack(0x0000000186900000,0x0000000186a00000) (1024K)]
  0x000001fd77e27400 JavaThread "Reference Handler"          daemon [_thread_blocked, id=20756, stack(0x0000000186c00000,0x0000000186d00000) (1024K)]
  0x000001fd35afcae0 JavaThread "Finalizer"                  daemon [_thread_blocked, id=21236, stack(0x0000000186d00000,0x0000000186e00000) (1024K)]
  0x000001fd35afe520 JavaThread "Signal Dispatcher"          daemon [_thread_blocked, id=26556, stack(0x0000000186e00000,0x0000000186f00000) (1024K)]
  0x000001fd77e2f1a0 JavaThread "Attach Listener"            daemon [_thread_blocked, id=20864, stack(0x0000000186f00000,0x0000000187000000) (1024K)]
  0x000001fd77e300b0 JavaThread "Service Thread"             daemon [_thread_blocked, id=11964, stack(0x0000000187000000,0x0000000187100000) (1024K)]
  0x000001fd77e35480 JavaThread "Monitor Deflation Thread"   daemon [_thread_blocked, id=21556, stack(0x0000000187100000,0x0000000187200000) (1024K)]
=>0x000001fd77e3b060 JavaThread "C2 CompilerThread0"         daemon [_thread_in_native, id=20316, stack(0x0000000187200000,0x0000000187300000) (1024K)]
  0x000001fd77e44f20 JavaThread "C1 CompilerThread0"         daemon [_thread_blocked, id=18244, stack(0x0000000187300000,0x0000000187400000) (1024K)]
  0x000001fd77f3aca0 JavaThread "Common-Cleaner"             daemon [_thread_blocked, id=3812, stack(0x0000000187400000,0x0000000187500000) (1024K)]
  0x000001fd781b9820 JavaThread "Notification Thread"        daemon [_thread_blocked, id=15216, stack(0x0000000187500000,0x0000000187600000) (1024K)]
  0x000001fd7d1f9a90 JavaThread "Equinox resolver thread - Equinox Container: acaead75-666a-48d5-a46c-07e7417e9809" daemon [_thread_blocked, id=9060, stack(0x0000000187c00000,0x0000000187d00000) (1024K)]
  0x000001fd7d74c130 JavaThread "Equinox resolver thread - Equinox Container: acaead75-666a-48d5-a46c-07e7417e9809" daemon [_thread_blocked, id=7400, stack(0x0000000187d00000,0x0000000187e00000) (1024K)]
  0x000001fd7d4e4c90 JavaThread "Equinox resolver thread - Equinox Container: acaead75-666a-48d5-a46c-07e7417e9809" daemon [_thread_blocked, id=23120, stack(0x0000000187e00000,0x0000000187f00000) (1024K)]
  0x000001fd7d1fd520 JavaThread "Equinox resolver thread - Equinox Container: acaead75-666a-48d5-a46c-07e7417e9809" daemon [_thread_blocked, id=15040, stack(0x0000000187f00000,0x0000000188000000) (1024K)]
  0x000001fd7d1fdb80 JavaThread "Equinox resolver thread - Equinox Container: acaead75-666a-48d5-a46c-07e7417e9809" daemon [_thread_blocked, id=4828, stack(0x0000000188000000,0x0000000188100000) (1024K)]
  0x000001fd7d1fe1e0 JavaThread "Equinox resolver thread - Equinox Container: acaead75-666a-48d5-a46c-07e7417e9809" daemon [_thread_blocked, id=2676, stack(0x0000000188100000,0x0000000188200000) (1024K)]
  0x000001fd7d4e40c0 JavaThread "Active Thread: Equinox Container: acaead75-666a-48d5-a46c-07e7417e9809"        [_thread_blocked, id=8016, stack(0x0000000188200000,0x0000000188300000) (1024K)]
  0x000001fd7d538ac0 JavaThread "Framework Event Dispatcher: Equinox Container: acaead75-666a-48d5-a46c-07e7417e9809" daemon [_thread_blocked, id=8652, stack(0x0000000188300000,0x0000000188400000) (1024K)]
  0x000001fd7d4401e0 JavaThread "Start Level: Equinox Container: acaead75-666a-48d5-a46c-07e7417e9809" daemon [_thread_in_Java, id=10856, stack(0x0000000188400000,0x0000000188500000) (1024K)]
  0x000001fd7d43f4c0 JavaThread "Refresh Thread: Equinox Container: acaead75-666a-48d5-a46c-07e7417e9809" daemon [_thread_blocked, id=26216, stack(0x0000000188700000,0x0000000188800000) (1024K)]
  0x000001fd7d440f00 JavaThread "Equinox resolver thread - Equinox Container: acaead75-666a-48d5-a46c-07e7417e9809" daemon [_thread_blocked, id=25332, stack(0x0000000188800000,0x0000000188900000) (1024K)]
  0x000001fd7d43fb50 JavaThread "Equinox resolver thread - Equinox Container: acaead75-666a-48d5-a46c-07e7417e9809" daemon [_thread_blocked, id=2576, stack(0x0000000188900000,0x0000000188a00000) (1024K)]
  0x000001fd7d43da80 JavaThread "Equinox resolver thread - Equinox Container: acaead75-666a-48d5-a46c-07e7417e9809" daemon [_thread_blocked, id=15416, stack(0x0000000188a00000,0x0000000188b00000) (1024K)]
  0x000001fd7d43e110 JavaThread "Equinox resolver thread - Equinox Container: acaead75-666a-48d5-a46c-07e7417e9809" daemon [_thread_blocked, id=14408, stack(0x0000000188b00000,0x0000000188c00000) (1024K)]
  0x000001fd7d440870 JavaThread "Equinox resolver thread - Equinox Container: acaead75-666a-48d5-a46c-07e7417e9809" daemon [_thread_blocked, id=26584, stack(0x0000000188c00000,0x0000000188d00000) (1024K)]
  0x000001fd7d43e7a0 JavaThread "Equinox resolver thread - Equinox Container: acaead75-666a-48d5-a46c-07e7417e9809" daemon [_thread_blocked, id=19720, stack(0x0000000188d00000,0x0000000188e00000) (1024K)]
  0x000001fd7d43ee30 JavaThread "SCR Component Actor"        daemon [_thread_blocked, id=15096, stack(0x0000000188e00000,0x0000000188f00000) (1024K)]
  0x000001fd7dcb3330 JavaThread "SCR Component Registry"     daemon [_thread_blocked, id=7228, stack(0x0000000188500000,0x0000000188600000) (1024K)]
  0x000001fd7dcb39c0 JavaThread "Worker-JM"                         [_thread_blocked, id=19660, stack(0x0000000189100000,0x0000000189200000) (1024K)]
  0x000001fd7dcb2610 JavaThread "Worker-0"                          [_thread_blocked, id=9156, stack(0x0000000189000000,0x0000000189100000) (1024K)]
  0x000001fd7dcaf820 JavaThread "Worker-1"                          [_thread_blocked, id=19804, stack(0x0000000189300000,0x0000000189400000) (1024K)]
  0x000001fd77e45cc0 JavaThread "C2 CompilerThread1"         daemon [_thread_in_native, id=4168, stack(0x0000000189400000,0x0000000189500000) (1024K)]
Total: 33

Other Threads:
  0x000001fd217ce980 VMThread "VM Thread"                           [id=5704, stack(0x0000000186b00000,0x0000000186c00000) (1024K)]
  0x000001fd217765e0 WatcherThread "VM Periodic Task Thread"        [id=6748, stack(0x0000000186a00000,0x0000000186b00000) (1024K)]
  0x000001fd217659a0 WorkerThread "GC Thread#0"                     [id=24680, stack(0x0000000186800000,0x0000000186900000) (1024K)]
  0x000001fd7d558600 WorkerThread "GC Thread#1"                     [id=3080, stack(0x0000000187600000,0x0000000187700000) (1024K)]
  0x000001fd7d5fe5d0 WorkerThread "GC Thread#2"                     [id=26132, stack(0x0000000187700000,0x0000000187800000) (1024K)]
  0x000001fd7d20c030 WorkerThread "GC Thread#3"                     [id=22500, stack(0x0000000187800000,0x0000000187900000) (1024K)]
  0x000001fd7d20c3d0 WorkerThread "GC Thread#4"                     [id=21748, stack(0x0000000187900000,0x0000000187a00000) (1024K)]
  0x000001fd7d2dfa60 WorkerThread "GC Thread#5"                     [id=10036, stack(0x0000000187a00000,0x0000000187b00000) (1024K)]
  0x000001fd7d2dfe00 WorkerThread "GC Thread#6"                     [id=25132, stack(0x0000000187b00000,0x0000000187c00000) (1024K)]
  0x000001fd780d52d0 WorkerThread "GC Thread#7"                     [id=3408, stack(0x0000000188600000,0x0000000188700000) (1024K)]
  0x000001fd7df2b4c0 WorkerThread "GC Thread#8"                     [id=9132, stack(0x0000000188f00000,0x0000000189000000) (1024K)]
  0x000001fd7df2b860 WorkerThread "GC Thread#9"                     [id=15268, stack(0x0000000189200000,0x0000000189300000) (1024K)]
Total: 12

Threads with active compile tasks:
C2 CompilerThread0  14288 3107       4       org.lombokweb.asm.ClassReader::readMethod (1070 bytes)
C2 CompilerThread1  14288 3311       4       java.util.HashMap::putVal (300 bytes)
Total: 2

VM state: not at safepoint (normal execution)

VM Mutex/Monitor currently owned by a thread: None

Heap address: 0x00000000c0000000, size: 1024 MB, Compressed Oops mode: 32-bit

CDS archive(s) mapped at: [0x000001fd36000000-0x000001fd36ba0000-0x000001fd36ba0000), size 12189696, SharedBaseAddress: 0x000001fd36000000, ArchiveRelocationMode: 1.
Compressed class space mapped at: 0x000001fd37000000-0x000001fd77000000, reserved size: 1073741824
Narrow klass base: 0x000001fd36000000, Narrow klass shift: 0, Narrow klass range: 0x100000000

GC Precious Log:
 CardTable entry size: 512
 CPUs: 12 total, 12 available
 Memory: 5989M
 Large Page Support: Disabled
 NUMA Support: Disabled
 Compressed Oops: Enabled (32-bit)
 Alignments: Space 512K, Generation 512K, Heap 2M
 Heap Min Capacity: 100M
 Heap Initial Capacity: 100M
 Heap Max Capacity: 1G
 Pre-touch: Disabled
 Parallel Workers: 10

Heap:
 PSYoungGen      total 27136K, used 12784K [0x00000000eab00000, 0x00000000ecb00000, 0x0000000100000000)
  eden space 24064K, 40% used [0x00000000eab00000,0x00000000eb4920e0,0x00000000ec280000)
  from space 3072K, 97% used [0x00000000ec800000,0x00000000ecaea2b0,0x00000000ecb00000)
  to   space 3072K, 0% used [0x00000000ec500000,0x00000000ec500000,0x00000000ec800000)
 ParOldGen       total 68608K, used 9868K [0x00000000c0000000, 0x00000000c4300000, 0x00000000eab00000)
  object space 68608K, 14% used [0x00000000c0000000,0x00000000c09a3368,0x00000000c4300000)
 Metaspace       used 24436K, committed 25088K, reserved 1114112K
  class space    used 2269K, committed 2560K, reserved 1048576K

Card table byte_map: [0x000001fd210e0000,0x000001fd212f0000] _byte_map_base: 0x000001fd20ae0000

Marking Bits: (ParMarkBitMap*) 0x00007ff866d43260
 Begin Bits: [0x000001fd33900000, 0x000001fd34900000)
 End Bits:   [0x000001fd34900000, 0x000001fd35900000)

Polling page: 0x000001fd20ed0000

Metaspace:

Usage:
  Non-class:     21.65 MB used.
      Class:      2.22 MB used.
       Both:     23.86 MB used.

Virtual space:
  Non-class space:       64.00 MB reserved,      22.00 MB ( 34%) committed,  1 nodes.
      Class space:        1.00 GB reserved,       2.50 MB ( <1%) committed,  1 nodes.
             Both:        1.06 GB reserved,      24.50 MB (  2%) committed. 

Chunk freelists:
   Non-Class:  9.95 MB
       Class:  13.48 MB
        Both:  23.42 MB

MaxMetaspaceSize: unlimited
CompressedClassSpaceSize: 1.00 GB
Initial GC threshold: 21.00 MB
Current GC threshold: 35.00 MB
CDS: on
 - commit_granule_bytes: 65536.
 - commit_granule_words: 8192.
 - virtual_space_node_default_size: 8388608.
 - enlarge_chunks_in_place: 1.
 - use_allocation_guard: 0.


Internal statistics:

num_allocs_failed_limit: 3.
num_arena_births: 474.
num_arena_deaths: 14.
num_vsnodes_births: 2.
num_vsnodes_deaths: 0.
num_space_committed: 392.
num_space_uncommitted: 0.
num_chunks_returned_to_freelist: 17.
num_chunks_taken_from_freelist: 1314.
num_chunk_merges: 9.
num_chunk_splits: 884.
num_chunks_enlarged: 592.
num_inconsistent_stats: 0.

CodeHeap 'non-profiled nmethods': size=120000Kb used=1480Kb max_used=1480Kb free=118519Kb
 bounds [0x000001fd2c3d0000, 0x000001fd2c640000, 0x000001fd33900000]
CodeHeap 'profiled nmethods': size=120000Kb used=7257Kb max_used=7257Kb free=112742Kb
 bounds [0x000001fd24900000, 0x000001fd25020000, 0x000001fd2be30000]
CodeHeap 'non-nmethods': size=5760Kb used=1316Kb max_used=1367Kb free=4443Kb
 bounds [0x000001fd2be30000, 0x000001fd2c0a0000, 0x000001fd2c3d0000]
 total_blobs=4078 nmethods=3478 adapters=506
 compilation: enabled
              stopped_count=0, restarted_count=0
 full_count=0

Compilation events (20 events):
Event: 14.225 Thread 0x000001fd77e44f20 3447       3       java.nio.Buffer::nextGetIndex (32 bytes)
Event: 14.225 Thread 0x000001fd77e44f20 nmethod 3447 0x000001fd25007290 code [0x000001fd25007440, 0x000001fd25007610]
Event: 14.225 Thread 0x000001fd77e44f20 3448       3       java.nio.ByteBuffer::<init> (47 bytes)
Event: 14.225 Thread 0x000001fd77e44f20 nmethod 3448 0x000001fd25007710 code [0x000001fd250078c0, 0x000001fd25007ab0]
Event: 14.225 Thread 0x000001fd77e44f20 3449       3       java.lang.Class::arrayContentsEq (70 bytes)
Event: 14.226 Thread 0x000001fd77e44f20 nmethod 3449 0x000001fd25007b90 code [0x000001fd25007d80, 0x000001fd250081a8]
Event: 14.236 Thread 0x000001fd77e44f20 3450       3       jdk.internal.jimage.ImageBufferCache::getCapacity (21 bytes)
Event: 14.236 Thread 0x000001fd77e44f20 nmethod 3450 0x000001fd25008310 code [0x000001fd250084c0, 0x000001fd250087d0]
Event: 14.236 Thread 0x000001fd77e44f20 3451       1       jdk.internal.jimage.decompressor.CompressedResourceHeader::getSize (3 bytes)
Event: 14.236 Thread 0x000001fd77e44f20 nmethod 3451 0x000001fd2c531c90 code [0x000001fd2c531e20, 0x000001fd2c531ec8]
Event: 14.240 Thread 0x000001fd77e44f20 3453       2       java.util.TreeMap::getEntryUsingComparator (74 bytes)
Event: 14.241 Thread 0x000001fd77e44f20 nmethod 3453 0x000001fd25008910 code [0x000001fd25008ac0, 0x000001fd25008ce8]
Event: 14.243 Thread 0x000001fd77e44f20 3454       2       java.util.TreeMap::getEntry (77 bytes)
Event: 14.243 Thread 0x000001fd77e44f20 nmethod 3454 0x000001fd25008e10 code [0x000001fd25009000, 0x000001fd25009390]
Event: 14.243 Thread 0x000001fd77e44f20 3455       1       java.util.concurrent.CopyOnWriteArrayList::getArray (5 bytes)
Event: 14.243 Thread 0x000001fd77e44f20 nmethod 3455 0x000001fd2c531f90 code [0x000001fd2c532120, 0x000001fd2c5321e8]
Event: 14.248 Thread 0x000001fd77e44f20 3456       2       sun.util.PreHashedMap::get (67 bytes)
Event: 14.248 Thread 0x000001fd77e44f20 nmethod 3456 0x000001fd25009510 code [0x000001fd25009700, 0x000001fd25009a80]
Event: 14.249 Thread 0x000001fd77e44f20 3458       2       java.util.TreeMap::get (19 bytes)
Event: 14.249 Thread 0x000001fd77e44f20 nmethod 3458 0x000001fd25009c90 code [0x000001fd25009e40, 0x000001fd25009fa0]

GC Heap History (18 events):
Event: 1.718 GC heap before
{Heap before GC invocations=1 (full 0):
 PSYoungGen      total 29696K, used 25600K [0x00000000eab00000, 0x00000000ecc00000, 0x0000000100000000)
  eden space 25600K, 100% used [0x00000000eab00000,0x00000000ec400000,0x00000000ec400000)
  from space 4096K, 0% used [0x00000000ec800000,0x00000000ec800000,0x00000000ecc00000)
  to   space 4096K, 0% used [0x00000000ec400000,0x00000000ec400000,0x00000000ec800000)
 ParOldGen       total 68608K, used 0K [0x00000000c0000000, 0x00000000c4300000, 0x00000000eab00000)
  object space 68608K, 0% used [0x00000000c0000000,0x00000000c0000000,0x00000000c4300000)
 Metaspace       used 4479K, committed 4736K, reserved 1114112K
  class space    used 455K, committed 576K, reserved 1048576K
}
Event: 1.728 GC heap after
{Heap after GC invocations=1 (full 0):
 PSYoungGen      total 29696K, used 3222K [0x00000000eab00000, 0x00000000ecc00000, 0x0000000100000000)
  eden space 25600K, 0% used [0x00000000eab00000,0x00000000eab00000,0x00000000ec400000)
  from space 4096K, 78% used [0x00000000ec400000,0x00000000ec725800,0x00000000ec800000)
  to   space 4096K, 0% used [0x00000000ec800000,0x00000000ec800000,0x00000000ecc00000)
 ParOldGen       total 68608K, used 16K [0x00000000c0000000, 0x00000000c4300000, 0x00000000eab00000)
  object space 68608K, 0% used [0x00000000c0000000,0x00000000c0004000,0x00000000c4300000)
 Metaspace       used 4479K, committed 4736K, reserved 1114112K
  class space    used 455K, committed 576K, reserved 1048576K
}
Event: 11.723 GC heap before
{Heap before GC invocations=2 (full 0):
 PSYoungGen      total 29696K, used 28822K [0x00000000eab00000, 0x00000000ecc00000, 0x0000000100000000)
  eden space 25600K, 100% used [0x00000000eab00000,0x00000000ec400000,0x00000000ec400000)
  from space 4096K, 78% used [0x00000000ec400000,0x00000000ec725800,0x00000000ec800000)
  to   space 4096K, 0% used [0x00000000ec800000,0x00000000ec800000,0x00000000ecc00000)
 ParOldGen       total 68608K, used 16K [0x00000000c0000000, 0x00000000c4300000, 0x00000000eab00000)
  object space 68608K, 0% used [0x00000000c0000000,0x00000000c0004000,0x00000000c4300000)
 Metaspace       used 8052K, committed 8320K, reserved 1114112K
  class space    used 804K, committed 960K, reserved 1048576K
}
Event: 11.728 GC heap after
{Heap after GC invocations=2 (full 0):
 PSYoungGen      total 29696K, used 4080K [0x00000000eab00000, 0x00000000ecc00000, 0x0000000100000000)
  eden space 25600K, 0% used [0x00000000eab00000,0x00000000eab00000,0x00000000ec400000)
  from space 4096K, 99% used [0x00000000ec800000,0x00000000ecbfc268,0x00000000ecc00000)
  to   space 4096K, 0% used [0x00000000ec400000,0x00000000ec400000,0x00000000ec800000)
 ParOldGen       total 68608K, used 567K [0x00000000c0000000, 0x00000000c4300000, 0x00000000eab00000)
  object space 68608K, 0% used [0x00000000c0000000,0x00000000c008dc08,0x00000000c4300000)
 Metaspace       used 8052K, committed 8320K, reserved 1114112K
  class space    used 804K, committed 960K, reserved 1048576K
}
Event: 12.239 GC heap before
{Heap before GC invocations=3 (full 0):
 PSYoungGen      total 29696K, used 29680K [0x00000000eab00000, 0x00000000ecc00000, 0x0000000100000000)
  eden space 25600K, 100% used [0x00000000eab00000,0x00000000ec400000,0x00000000ec400000)
  from space 4096K, 99% used [0x00000000ec800000,0x00000000ecbfc268,0x00000000ecc00000)
  to   space 4096K, 0% used [0x00000000ec400000,0x00000000ec400000,0x00000000ec800000)
 ParOldGen       total 68608K, used 567K [0x00000000c0000000, 0x00000000c4300000, 0x00000000eab00000)
  object space 68608K, 0% used [0x00000000c0000000,0x00000000c008dc08,0x00000000c4300000)
 Metaspace       used 9304K, committed 9664K, reserved 1114112K
  class space    used 933K, committed 1088K, reserved 1048576K
}
Event: 12.245 GC heap after
{Heap after GC invocations=3 (full 0):
 PSYoungGen      total 29696K, used 4094K [0x00000000eab00000, 0x00000000ecc00000, 0x0000000100000000)
  eden space 25600K, 0% used [0x00000000eab00000,0x00000000eab00000,0x00000000ec400000)
  from space 4096K, 99% used [0x00000000ec400000,0x00000000ec7ffb58,0x00000000ec800000)
  to   space 4096K, 0% used [0x00000000ec800000,0x00000000ec800000,0x00000000ecc00000)
 ParOldGen       total 68608K, used 3076K [0x00000000c0000000, 0x00000000c4300000, 0x00000000eab00000)
  object space 68608K, 4% used [0x00000000c0000000,0x00000000c0301358,0x00000000c4300000)
 Metaspace       used 9304K, committed 9664K, reserved 1114112K
  class space    used 933K, committed 1088K, reserved 1048576K
}
Event: 12.979 GC heap before
{Heap before GC invocations=4 (full 0):
 PSYoungGen      total 29696K, used 29692K [0x00000000eab00000, 0x00000000ecc00000, 0x0000000100000000)
  eden space 25600K, 99% used [0x00000000eab00000,0x00000000ec3ff5f0,0x00000000ec400000)
  from space 4096K, 99% used [0x00000000ec400000,0x00000000ec7ffb58,0x00000000ec800000)
  to   space 4096K, 0% used [0x00000000ec800000,0x00000000ec800000,0x00000000ecc00000)
 ParOldGen       total 68608K, used 3076K [0x00000000c0000000, 0x00000000c4300000, 0x00000000eab00000)
  object space 68608K, 4% used [0x00000000c0000000,0x00000000c0301358,0x00000000c4300000)
 Metaspace       used 13726K, committed 14144K, reserved 1114112K
  class space    used 1359K, committed 1536K, reserved 1048576K
}
Event: 12.983 GC heap after
{Heap after GC invocations=4 (full 0):
 PSYoungGen      total 29696K, used 4088K [0x00000000eab00000, 0x00000000ecc00000, 0x0000000100000000)
  eden space 25600K, 0% used [0x00000000eab00000,0x00000000eab00000,0x00000000ec400000)
  from space 4096K, 99% used [0x00000000ec800000,0x00000000ecbfe0c0,0x00000000ecc00000)
  to   space 4096K, 0% used [0x00000000ec400000,0x00000000ec400000,0x00000000ec800000)
 ParOldGen       total 68608K, used 4812K [0x00000000c0000000, 0x00000000c4300000, 0x00000000eab00000)
  object space 68608K, 7% used [0x00000000c0000000,0x00000000c04b3320,0x00000000c4300000)
 Metaspace       used 13726K, committed 14144K, reserved 1114112K
  class space    used 1359K, committed 1536K, reserved 1048576K
}
Event: 13.375 GC heap before
{Heap before GC invocations=5 (full 0):
 PSYoungGen      total 29696K, used 29688K [0x00000000eab00000, 0x00000000ecc00000, 0x0000000100000000)
  eden space 25600K, 100% used [0x00000000eab00000,0x00000000ec400000,0x00000000ec400000)
  from space 4096K, 99% used [0x00000000ec800000,0x00000000ecbfe0c0,0x00000000ecc00000)
  to   space 4096K, 0% used [0x00000000ec400000,0x00000000ec400000,0x00000000ec800000)
 ParOldGen       total 68608K, used 4812K [0x00000000c0000000, 0x00000000c4300000, 0x00000000eab00000)
  object space 68608K, 7% used [0x00000000c0000000,0x00000000c04b3320,0x00000000c4300000)
 Metaspace       used 17014K, committed 17600K, reserved 1114112K
  class space    used 1678K, committed 1920K, reserved 1048576K
}
Event: 13.379 GC heap after
{Heap after GC invocations=5 (full 0):
 PSYoungGen      total 29184K, used 4064K [0x00000000eab00000, 0x00000000ed280000, 0x0000000100000000)
  eden space 25088K, 0% used [0x00000000eab00000,0x00000000eab00000,0x00000000ec380000)
  from space 4096K, 99% used [0x00000000ec400000,0x00000000ec7f8338,0x00000000ec800000)
  to   space 7680K, 0% used [0x00000000ecb00000,0x00000000ecb00000,0x00000000ed280000)
 ParOldGen       total 68608K, used 7741K [0x00000000c0000000, 0x00000000c4300000, 0x00000000eab00000)
  object space 68608K, 11% used [0x00000000c0000000,0x00000000c078f698,0x00000000c4300000)
 Metaspace       used 17014K, committed 17600K, reserved 1114112K
  class space    used 1678K, committed 1920K, reserved 1048576K
}
Event: 13.687 GC heap before
{Heap before GC invocations=6 (full 0):
 PSYoungGen      total 29184K, used 29152K [0x00000000eab00000, 0x00000000ed280000, 0x0000000100000000)
  eden space 25088K, 100% used [0x00000000eab00000,0x00000000ec380000,0x00000000ec380000)
  from space 4096K, 99% used [0x00000000ec400000,0x00000000ec7f8338,0x00000000ec800000)
  to   space 7680K, 0% used [0x00000000ecb00000,0x00000000ecb00000,0x00000000ed280000)
 ParOldGen       total 68608K, used 7741K [0x00000000c0000000, 0x00000000c4300000, 0x00000000eab00000)
  object space 68608K, 11% used [0x00000000c0000000,0x00000000c078f698,0x00000000c4300000)
 Metaspace       used 20921K, committed 21440K, reserved 1114112K
  class space    used 1958K, committed 2176K, reserved 1048576K
}
Event: 13.691 GC heap after
{Heap after GC invocations=6 (full 0):
 PSYoungGen      total 29184K, used 4380K [0x00000000eab00000, 0x00000000ecf80000, 0x0000000100000000)
  eden space 24576K, 0% used [0x00000000eab00000,0x00000000eab00000,0x00000000ec300000)
  from space 4608K, 95% used [0x00000000ecb00000,0x00000000ecf471f0,0x00000000ecf80000)
  to   space 5632K, 0% used [0x00000000ec480000,0x00000000ec480000,0x00000000eca00000)
 ParOldGen       total 68608K, used 7741K [0x00000000c0000000, 0x00000000c4300000, 0x00000000eab00000)
  object space 68608K, 11% used [0x00000000c0000000,0x00000000c078f698,0x00000000c4300000)
 Metaspace       used 20921K, committed 21440K, reserved 1114112K
  class space    used 1958K, committed 2176K, reserved 1048576K
}
Event: 13.700 GC heap before
{Heap before GC invocations=7 (full 0):
 PSYoungGen      total 29184K, used 5145K [0x00000000eab00000, 0x00000000ecf80000, 0x0000000100000000)
  eden space 24576K, 3% used [0x00000000eab00000,0x00000000eabbf210,0x00000000ec300000)
  from space 4608K, 95% used [0x00000000ecb00000,0x00000000ecf471f0,0x00000000ecf80000)
  to   space 5632K, 0% used [0x00000000ec480000,0x00000000ec480000,0x00000000eca00000)
 ParOldGen       total 68608K, used 7741K [0x00000000c0000000, 0x00000000c4300000, 0x00000000eab00000)
  object space 68608K, 11% used [0x00000000c0000000,0x00000000c078f698,0x00000000c4300000)
 Metaspace       used 20990K, committed 21504K, reserved 1114112K
  class space    used 1962K, committed 2176K, reserved 1048576K
}
Event: 13.704 GC heap after
{Heap after GC invocations=7 (full 0):
 PSYoungGen      total 27648K, used 2711K [0x00000000eab00000, 0x00000000ecb80000, 0x0000000100000000)
  eden space 24576K, 0% used [0x00000000eab00000,0x00000000eab00000,0x00000000ec300000)
  from space 3072K, 88% used [0x00000000ec480000,0x00000000ec725ea8,0x00000000ec780000)
  to   space 3584K, 0% used [0x00000000ec800000,0x00000000ec800000,0x00000000ecb80000)
 ParOldGen       total 68608K, used 9433K [0x00000000c0000000, 0x00000000c4300000, 0x00000000eab00000)
  object space 68608K, 13% used [0x00000000c0000000,0x00000000c09364c0,0x00000000c4300000)
 Metaspace       used 20990K, committed 21504K, reserved 1114112K
  class space    used 1962K, committed 2176K, reserved 1048576K
}
Event: 13.704 GC heap before
{Heap before GC invocations=8 (full 1):
 PSYoungGen      total 27648K, used 2711K [0x00000000eab00000, 0x00000000ecb80000, 0x0000000100000000)
  eden space 24576K, 0% used [0x00000000eab00000,0x00000000eab00000,0x00000000ec300000)
  from space 3072K, 88% used [0x00000000ec480000,0x00000000ec725ea8,0x00000000ec780000)
  to   space 3584K, 0% used [0x00000000ec800000,0x00000000ec800000,0x00000000ecb80000)
 ParOldGen       total 68608K, used 9433K [0x00000000c0000000, 0x00000000c4300000, 0x00000000eab00000)
  object space 68608K, 13% used [0x00000000c0000000,0x00000000c09364c0,0x00000000c4300000)
 Metaspace       used 20990K, committed 21504K, reserved 1114112K
  class space    used 1962K, committed 2176K, reserved 1048576K
}
Event: 13.729 GC heap after
{Heap after GC invocations=8 (full 1):
 PSYoungGen      total 27648K, used 0K [0x00000000eab00000, 0x00000000ecb80000, 0x0000000100000000)
  eden space 24576K, 0% used [0x00000000eab00000,0x00000000eab00000,0x00000000ec300000)
  from space 3072K, 0% used [0x00000000ec480000,0x00000000ec480000,0x00000000ec780000)
  to   space 3584K, 0% used [0x00000000ec800000,0x00000000ec800000,0x00000000ecb80000)
 ParOldGen       total 68608K, used 9860K [0x00000000c0000000, 0x00000000c4300000, 0x00000000eab00000)
  object space 68608K, 14% used [0x00000000c0000000,0x00000000c09a1368,0x00000000c4300000)
 Metaspace       used 20978K, committed 21504K, reserved 1114112K
  class space    used 1959K, committed 2176K, reserved 1048576K
}
Event: 14.062 GC heap before
{Heap before GC invocations=9 (full 1):
 PSYoungGen      total 27648K, used 24576K [0x00000000eab00000, 0x00000000ecb80000, 0x0000000100000000)
  eden space 24576K, 100% used [0x00000000eab00000,0x00000000ec300000,0x00000000ec300000)
  from space 3072K, 0% used [0x00000000ec480000,0x00000000ec480000,0x00000000ec780000)
  to   space 3584K, 0% used [0x00000000ec800000,0x00000000ec800000,0x00000000ecb80000)
 ParOldGen       total 68608K, used 9860K [0x00000000c0000000, 0x00000000c4300000, 0x00000000eab00000)
  object space 68608K, 14% used [0x00000000c0000000,0x00000000c09a1368,0x00000000c4300000)
 Metaspace       used 22551K, committed 23232K, reserved 1114112K
  class space    used 2072K, committed 2368K, reserved 1048576K
}
Event: 14.064 GC heap after
{Heap after GC invocations=9 (full 1):
 PSYoungGen      total 27136K, used 2984K [0x00000000eab00000, 0x00000000ecb00000, 0x0000000100000000)
  eden space 24064K, 0% used [0x00000000eab00000,0x00000000eab00000,0x00000000ec280000)
  from space 3072K, 97% used [0x00000000ec800000,0x00000000ecaea2b0,0x00000000ecb00000)
  to   space 3072K, 0% used [0x00000000ec500000,0x00000000ec500000,0x00000000ec800000)
 ParOldGen       total 68608K, used 9868K [0x00000000c0000000, 0x00000000c4300000, 0x00000000eab00000)
  object space 68608K, 14% used [0x00000000c0000000,0x00000000c09a3368,0x00000000c4300000)
 Metaspace       used 22551K, committed 23232K, reserved 1114112K
  class space    used 2072K, committed 2368K, reserved 1048576K
}

Dll operation events (11 events):
Event: 0.133 Loaded shared library c:\Users\patri\.vscode\extensions\redhat.java-1.42.2025040208-win32-x64\jre\21.0.6-win32-x86_64\bin\java.dll
Event: 0.266 Loaded shared library c:\Users\patri\.vscode\extensions\redhat.java-1.42.2025040208-win32-x64\jre\21.0.6-win32-x86_64\bin\zip.dll
Event: 0.291 Loaded shared library C:\Users\patri\.vscode\extensions\redhat.java-1.42.2025040208-win32-x64\jre\21.0.6-win32-x86_64\bin\instrument.dll
Event: 0.322 Loaded shared library C:\Users\patri\.vscode\extensions\redhat.java-1.42.2025040208-win32-x64\jre\21.0.6-win32-x86_64\bin\net.dll
Event: 0.352 Loaded shared library C:\Users\patri\.vscode\extensions\redhat.java-1.42.2025040208-win32-x64\jre\21.0.6-win32-x86_64\bin\nio.dll
Event: 0.357 Loaded shared library C:\Users\patri\.vscode\extensions\redhat.java-1.42.2025040208-win32-x64\jre\21.0.6-win32-x86_64\bin\zip.dll
Event: 0.384 Loaded shared library C:\Users\patri\.vscode\extensions\redhat.java-1.42.2025040208-win32-x64\jre\21.0.6-win32-x86_64\bin\jimage.dll
Event: 0.629 Loaded shared library c:\Users\patri\.vscode\extensions\redhat.java-1.42.2025040208-win32-x64\jre\21.0.6-win32-x86_64\bin\verify.dll
Event: 12.002 Loaded shared library C:\Users\patri\AppData\Roaming\Code\User\globalStorage\redhat.java\1.42.2025040208\config_ss_win\org.eclipse.equinox.launcher\org.eclipse.equinox.launcher.win32.win32.x86_64_1.2.1300.v20250331-1702\eclipse_11911.dll
Event: 13.055 Loaded shared library C:\Users\patri\.vscode\extensions\redhat.java-1.42.2025040208-win32-x64\jre\21.0.6-win32-x86_64\bin\management.dll
Event: 13.072 Loaded shared library C:\Users\patri\.vscode\extensions\redhat.java-1.42.2025040208-win32-x64\jre\21.0.6-win32-x86_64\bin\management_ext.dll

Deoptimization events (20 events):
Event: 14.068 Thread 0x000001fd7d4401e0 DEOPT PACKING pc=0x000001fd24fbeec9 sp=0x00000001884f8d10
Event: 14.068 Thread 0x000001fd7d4401e0 DEOPT UNPACKING pc=0x000001fd2be84242 sp=0x00000001884f8180 mode 0
Event: 14.068 Thread 0x000001fd7d4401e0 DEOPT PACKING pc=0x000001fd24fbeec9 sp=0x00000001884f8d10
Event: 14.068 Thread 0x000001fd7d4401e0 DEOPT UNPACKING pc=0x000001fd2be84242 sp=0x00000001884f8180 mode 0
Event: 14.068 Thread 0x000001fd7d4401e0 DEOPT PACKING pc=0x000001fd24fbeec9 sp=0x00000001884f8d10
Event: 14.068 Thread 0x000001fd7d4401e0 DEOPT UNPACKING pc=0x000001fd2be84242 sp=0x00000001884f8180 mode 0
Event: 14.068 Thread 0x000001fd7d4401e0 DEOPT PACKING pc=0x000001fd24fbeec9 sp=0x00000001884f8d10
Event: 14.068 Thread 0x000001fd7d4401e0 DEOPT UNPACKING pc=0x000001fd2be84242 sp=0x00000001884f8180 mode 0
Event: 14.068 Thread 0x000001fd7d4401e0 DEOPT PACKING pc=0x000001fd24fbeec9 sp=0x00000001884f8d10
Event: 14.068 Thread 0x000001fd7d4401e0 DEOPT UNPACKING pc=0x000001fd2be84242 sp=0x00000001884f8180 mode 0
Event: 14.068 Thread 0x000001fd7d4401e0 DEOPT PACKING pc=0x000001fd24fbeec9 sp=0x00000001884f8d10
Event: 14.068 Thread 0x000001fd7d4401e0 DEOPT UNPACKING pc=0x000001fd2be84242 sp=0x00000001884f8180 mode 0
Event: 14.068 Thread 0x000001fd7d4401e0 DEOPT PACKING pc=0x000001fd24fbeec9 sp=0x00000001884f8d10
Event: 14.068 Thread 0x000001fd7d4401e0 DEOPT UNPACKING pc=0x000001fd2be84242 sp=0x00000001884f8180 mode 0
Event: 14.068 Thread 0x000001fd7d4401e0 DEOPT PACKING pc=0x000001fd24fbeec9 sp=0x00000001884f8d10
Event: 14.068 Thread 0x000001fd7d4401e0 DEOPT UNPACKING pc=0x000001fd2be84242 sp=0x00000001884f8180 mode 0
Event: 14.069 Thread 0x000001fd7d4401e0 DEOPT PACKING pc=0x000001fd24fbeec9 sp=0x00000001884f8d10
Event: 14.069 Thread 0x000001fd7d4401e0 DEOPT UNPACKING pc=0x000001fd2be84242 sp=0x00000001884f8180 mode 0
Event: 14.131 Thread 0x000001fd7d4401e0 DEOPT PACKING pc=0x000001fd24fbeec9 sp=0x00000001884fccd0
Event: 14.131 Thread 0x000001fd7d4401e0 DEOPT UNPACKING pc=0x000001fd2be84242 sp=0x00000001884fc140 mode 0

Classes loaded (20 events):
Event: 14.223 Loading class sun/nio/cs/MS1251
Event: 14.224 Loading class sun/nio/cs/MS1251 done
Event: 14.225 Loading class sun/nio/cs/MS1250
Event: 14.225 Loading class sun/nio/cs/MS1250 done
Event: 14.226 Loading class sun/nio/cs/ISO_8859_2
Event: 14.226 Loading class sun/nio/cs/ISO_8859_2 done
Event: 14.231 Loading class sun/nio/cs/ISO_8859_4
Event: 14.231 Loading class sun/nio/cs/ISO_8859_4 done
Event: 14.231 Loading class sun/nio/cs/ISO_8859_5
Event: 14.231 Loading class sun/nio/cs/ISO_8859_5 done
Event: 14.232 Loading class sun/nio/cs/ISO_8859_9
Event: 14.232 Loading class sun/nio/cs/ISO_8859_9 done
Event: 14.232 Loading class sun/nio/cs/ISO_8859_7
Event: 14.232 Loading class sun/nio/cs/ISO_8859_7 done
Event: 14.233 Loading class sun/nio/cs/IBM850
Event: 14.233 Loading class sun/nio/cs/IBM850 done
Event: 14.236 Loading class sun/nio/cs/SJIS
Event: 14.237 Loading class sun/nio/cs/SJIS done
Event: 14.246 Loading class sun/nio/cs/KOI8_R
Event: 14.247 Loading class sun/nio/cs/KOI8_R done

Classes unloaded (7 events):
Event: 13.709 Thread 0x000001fd217ce980 Unloading class 0x000001fd3718bc00 'java/lang/invoke/LambdaForm$MH+0x000001fd3718bc00'
Event: 13.709 Thread 0x000001fd217ce980 Unloading class 0x000001fd3718b800 'java/lang/invoke/LambdaForm$MH+0x000001fd3718b800'
Event: 13.709 Thread 0x000001fd217ce980 Unloading class 0x000001fd3718b400 'java/lang/invoke/LambdaForm$MH+0x000001fd3718b400'
Event: 13.709 Thread 0x000001fd217ce980 Unloading class 0x000001fd3718b000 'java/lang/invoke/LambdaForm$MH+0x000001fd3718b000'
Event: 13.709 Thread 0x000001fd217ce980 Unloading class 0x000001fd3718ac00 'java/lang/invoke/LambdaForm$BMH+0x000001fd3718ac00'
Event: 13.709 Thread 0x000001fd217ce980 Unloading class 0x000001fd3718a800 'java/lang/invoke/LambdaForm$DMH+0x000001fd3718a800'
Event: 13.709 Thread 0x000001fd217ce980 Unloading class 0x000001fd37189400 'java/lang/invoke/LambdaForm$DMH+0x000001fd37189400'

Classes redefined (0 events):
No events

Internal exceptions (20 events):
Event: 13.237 Thread 0x000001fd7d4401e0 Exception <a 'java/lang/NoSuchMethodError'{0x00000000eb631d70}: 'void java.lang.invoke.DirectMethodHandle$Holder.invokeSpecial(java.lang.Object, java.lang.Object, java.lang.Object, java.lang.Object, java.lang.Object)'> (0x00000000eb631d70) 
thrown [s\src\hotspot\share\interpreter\linkResolver.cpp, line 773]
Event: 13.277 Thread 0x000001fd7d4401e0 Exception <a 'java/lang/NoSuchMethodError'{0x00000000eb89b9e8}: 'double java.lang.invoke.DirectMethodHandle$Holder.invokeStatic(java.lang.Object, java.lang.Object)'> (0x00000000eb89b9e8) 
thrown [s\src\hotspot\share\interpreter\linkResolver.cpp, line 773]
Event: 13.277 Thread 0x000001fd7d4401e0 Exception <a 'java/lang/NoSuchMethodError'{0x00000000eb89f0a8}: 'double java.lang.invoke.DirectMethodHandle$Holder.invokeStaticInit(java.lang.Object, java.lang.Object)'> (0x00000000eb89f0a8) 
thrown [s\src\hotspot\share\interpreter\linkResolver.cpp, line 773]
Event: 13.400 Thread 0x000001fd7d4401e0 Exception <a 'java/io/FileNotFoundException'{0x00000000eafd35a8}> (0x00000000eafd35a8) 
thrown [s\src\hotspot\share\prims\jni.cpp, line 520]
Event: 13.400 Thread 0x000001fd7d4401e0 Exception <a 'java/io/FileNotFoundException'{0x00000000eafd4410}> (0x00000000eafd4410) 
thrown [s\src\hotspot\share\prims\jni.cpp, line 520]
Event: 13.400 Thread 0x000001fd7d4401e0 Exception <a 'java/io/FileNotFoundException'{0x00000000eafd5378}> (0x00000000eafd5378) 
thrown [s\src\hotspot\share\prims\jni.cpp, line 520]
Event: 13.563 Thread 0x000001fd7d4401e0 Exception <a 'java/lang/NoSuchMethodError'{0x00000000eb95c1e8}: 'int java.lang.invoke.DirectMethodHandle$Holder.invokeStaticInit(java.lang.Object, java.lang.Object, java.lang.Object)'> (0x00000000eb95c1e8) 
thrown [s\src\hotspot\share\interpreter\linkResolver.cpp, line 773]
Event: 13.622 Thread 0x000001fd7d4401e0 Implicit null exception at 0x000001fd2c513e75 to 0x000001fd2c513f50
Event: 13.743 Thread 0x000001fd7d4401e0 Exception <a 'java/io/FileNotFoundException'{0x00000000eabec2c0}> (0x00000000eabec2c0) 
thrown [s\src\hotspot\share\prims\jni.cpp, line 520]
Event: 13.745 Thread 0x000001fd7d4401e0 Exception <a 'java/lang/NoSuchMethodError'{0x00000000ead8e070}: 'java.lang.Object java.lang.invoke.DirectMethodHandle$Holder.newInvokeSpecial(java.lang.Object, int, java.lang.Object, java.lang.Object)'> (0x00000000ead8e070) 
thrown [s\src\hotspot\share\interpreter\linkResolver.cpp, line 773]
Event: 13.785 Thread 0x000001fd7d4401e0 Exception <a 'java/io/FileNotFoundException'{0x00000000eb77c938}> (0x00000000eb77c938) 
thrown [s\src\hotspot\share\prims\jni.cpp, line 520]
Event: 13.896 Thread 0x000001fd7d4401e0 Exception <a 'java/io/FileNotFoundException'{0x00000000ebe59978}> (0x00000000ebe59978) 
thrown [s\src\hotspot\share\prims\jni.cpp, line 520]
Event: 13.939 Thread 0x000001fd7d4401e0 Exception <a 'sun/nio/fs/WindowsException'{0x00000000ec0521c8}> (0x00000000ec0521c8) 
thrown [s\src\hotspot\share\prims\jni.cpp, line 520]
Event: 13.939 Thread 0x000001fd7d4401e0 Exception <a 'sun/nio/fs/WindowsException'{0x00000000ec0529c0}> (0x00000000ec0529c0) 
thrown [s\src\hotspot\share\prims\jni.cpp, line 520]
Event: 13.957 Thread 0x000001fd7d4401e0 Exception <a 'sun/nio/fs/WindowsException'{0x00000000ec125828}> (0x00000000ec125828) 
thrown [s\src\hotspot\share\prims\jni.cpp, line 520]
Event: 13.978 Thread 0x000001fd7d4401e0 Exception <a 'java/lang/NoSuchMethodError'{0x00000000ec1ddfc8}: 'java.lang.Object java.lang.invoke.DirectMethodHandle$Holder.invokeStaticInit(java.lang.Object, int, int, int, int)'> (0x00000000ec1ddfc8) 
thrown [s\src\hotspot\share\interpreter\linkResolver.cpp, line 773]
Event: 14.054 Thread 0x000001fd7d4401e0 Exception <a 'java/lang/NoSuchMethodError'{0x00000000ec2a7500}: 'java.lang.Object java.lang.invoke.DirectMethodHandle$Holder.invokeStaticInit(java.lang.Object, java.lang.Object, int, int, int, int)'> (0x00000000ec2a7500) 
thrown [s\src\hotspot\share\interpreter\linkResolver.cpp, line 773]
Event: 14.118 Thread 0x000001fd7d4401e0 Exception <a 'sun/nio/fs/WindowsException'{0x00000000eadad578}> (0x00000000eadad578) 
thrown [s\src\hotspot\share\prims\jni.cpp, line 520]
Event: 14.119 Thread 0x000001fd7d4401e0 Exception <a 'sun/nio/fs/WindowsException'{0x00000000eadb5840}> (0x00000000eadb5840) 
thrown [s\src\hotspot\share\prims\jni.cpp, line 520]
Event: 14.188 Thread 0x000001fd7d4401e0 Exception <a 'java/lang/ClassNotFoundException'{0x00000000eb09d410}: com/sun/org/apache/xml/internal/serializer/spi/XMLEntitiesProvider> (0x00000000eb09d410) 
thrown [s\src\hotspot\share\classfile\systemDictionary.cpp, line 312]

ZGC Phase Switch (0 events):
No events

VM Operations (20 events):
Event: 13.867 Executing VM operation: HandshakeAllThreads (Deoptimize)
Event: 13.867 Executing VM operation: HandshakeAllThreads (Deoptimize) done
Event: 13.931 Executing VM operation: HandshakeAllThreads (Deoptimize)
Event: 13.931 Executing VM operation: HandshakeAllThreads (Deoptimize) done
Event: 14.010 Executing VM operation: HandshakeAllThreads (Deoptimize)
Event: 14.010 Executing VM operation: HandshakeAllThreads (Deoptimize) done
Event: 14.058 Executing VM operation: HandshakeAllThreads (Deoptimize)
Event: 14.058 Executing VM operation: HandshakeAllThreads (Deoptimize) done
Event: 14.062 Executing VM operation: ParallelGCFailedAllocation (Allocation Failure)
Event: 14.064 Executing VM operation: ParallelGCFailedAllocation (Allocation Failure) done
Event: 14.069 Executing VM operation: HandshakeAllThreads (Deoptimize)
Event: 14.069 Executing VM operation: HandshakeAllThreads (Deoptimize) done
Event: 14.070 Executing VM operation: HandshakeAllThreads (Deoptimize)
Event: 14.070 Executing VM operation: HandshakeAllThreads (Deoptimize) done
Event: 14.151 Executing VM operation: HandshakeAllThreads (Deoptimize)
Event: 14.151 Executing VM operation: HandshakeAllThreads (Deoptimize) done
Event: 14.186 Executing VM operation: HandshakeAllThreads (Deoptimize)
Event: 14.186 Executing VM operation: HandshakeAllThreads (Deoptimize) done
Event: 14.223 Executing VM operation: HandshakeAllThreads (Deoptimize)
Event: 14.223 Executing VM operation: HandshakeAllThreads (Deoptimize) done

Memory protections (0 events):
No events

Nmethod flushes (0 events):
No events

Events (20 events):
Event: 11.696 Thread 0x000001fd1f2a6710 Thread added: 0x000001fd7d4401e0
Event: 11.705 Thread 0x000001fd77e44f20 Thread added: 0x000001fd77e46390
Event: 11.960 Thread 0x000001fd1f2a6710 Thread added: 0x000001fd7d43f4c0
Event: 12.013 Thread 0x000001fd7d43f4c0 Thread added: 0x000001fd7d440f00
Event: 12.013 Thread 0x000001fd7d43f4c0 Thread added: 0x000001fd7d43fb50
Event: 12.013 Thread 0x000001fd7d43f4c0 Thread added: 0x000001fd7d43da80
Event: 12.013 Thread 0x000001fd7d43f4c0 Thread added: 0x000001fd7d43e110
Event: 12.013 Thread 0x000001fd7d43f4c0 Thread added: 0x000001fd7d440870
Event: 12.013 Thread 0x000001fd7d43f4c0 Thread added: 0x000001fd7d43e7a0
Event: 12.188 Thread 0x000001fd7d4401e0 Thread added: 0x000001fd7d43ee30
Event: 12.273 Thread 0x000001fd77e46390 Thread exited: 0x000001fd77e46390
Event: 12.338 Thread 0x000001fd7d4401e0 Thread added: 0x000001fd7dcb3330
Event: 12.519 Thread 0x000001fd77e44f20 Thread added: 0x000001fd77e46a60
Event: 12.876 Thread 0x000001fd7d4401e0 Thread added: 0x000001fd7dcb39c0
Event: 13.072 Thread 0x000001fd77e46a60 Thread exited: 0x000001fd77e46a60
Event: 13.202 Thread 0x000001fd7d4401e0 Thread added: 0x000001fd7dcb2610
Event: 13.221 Thread 0x000001fd7d4401e0 Thread added: 0x000001fd7dcaf820
Event: 13.369 Thread 0x000001fd77e44f20 Thread added: 0x000001fd77e45cc0
Event: 13.888 Thread 0x000001fd7d4401e0 Thread added: 0x000001fd7dcafeb0
Event: 13.959 Thread 0x000001fd7dcafeb0 Thread exited: 0x000001fd7dcafeb0


Dynamic libraries:
0x00007ff78f580000 - 0x00007ff78f58e000 	c:\Users\patri\.vscode\extensions\redhat.java-1.42.2025040208-win32-x64\jre\21.0.6-win32-x86_64\bin\java.exe
0x00007ff8cc710000 - 0x00007ff8cc927000 	C:\WINDOWS\SYSTEM32\ntdll.dll
0x00007ff8cad50000 - 0x00007ff8cae14000 	C:\WINDOWS\System32\KERNEL32.DLL
0x00007ff8c9820000 - 0x00007ff8c9bf3000 	C:\WINDOWS\System32\KERNELBASE.dll
0x00007ff8c9c00000 - 0x00007ff8c9d11000 	C:\WINDOWS\System32\ucrtbase.dll
0x00007ff8a5ef0000 - 0x00007ff8a5f08000 	c:\Users\patri\.vscode\extensions\redhat.java-1.42.2025040208-win32-x64\jre\21.0.6-win32-x86_64\bin\jli.dll
0x00007ff8cb6f0000 - 0x00007ff8cb8a1000 	C:\WINDOWS\System32\USER32.dll
0x00007ff8c9d20000 - 0x00007ff8c9d46000 	C:\WINDOWS\System32\win32u.dll
0x00007ff8cbca0000 - 0x00007ff8cbcc9000 	C:\WINDOWS\System32\GDI32.dll
0x00007ff8c9e50000 - 0x00007ff8c9f6b000 	C:\WINDOWS\System32\gdi32full.dll
0x00007ff8ca310000 - 0x00007ff8ca3aa000 	C:\WINDOWS\System32\msvcp_win.dll
0x00007ff8b7710000 - 0x00007ff8b79a8000 	C:\WINDOWS\WinSxS\amd64_microsoft.windows.common-controls_6595b64144ccf1df_6.0.22621.5124_none_270e8f4f7386d69d\COMCTL32.dll
0x00007ff8cb8b0000 - 0x00007ff8cb957000 	C:\WINDOWS\System32\msvcrt.dll
0x00007ff8a2380000 - 0x00007ff8a239e000 	c:\Users\patri\.vscode\extensions\redhat.java-1.42.2025040208-win32-x64\jre\21.0.6-win32-x86_64\bin\VCRUNTIME140.dll
0x00007ff8caca0000 - 0x00007ff8cacd1000 	C:\WINDOWS\System32\IMM32.DLL
0x00007ff8a9a70000 - 0x00007ff8a9a7c000 	c:\Users\patri\.vscode\extensions\redhat.java-1.42.2025040208-win32-x64\jre\21.0.6-win32-x86_64\bin\vcruntime140_1.dll
0x00007ff893670000 - 0x00007ff8936fd000 	c:\Users\patri\.vscode\extensions\redhat.java-1.42.2025040208-win32-x64\jre\21.0.6-win32-x86_64\bin\msvcp140.dll
0x00007ff866090000 - 0x00007ff866e20000 	c:\Users\patri\.vscode\extensions\redhat.java-1.42.2025040208-win32-x64\jre\21.0.6-win32-x86_64\bin\server\jvm.dll
0x00007ff8ca570000 - 0x00007ff8ca621000 	C:\WINDOWS\System32\ADVAPI32.dll
0x00007ff8cbae0000 - 0x00007ff8cbb88000 	C:\WINDOWS\System32\sechost.dll
0x00007ff8c9f70000 - 0x00007ff8c9f98000 	C:\WINDOWS\System32\bcrypt.dll
0x00007ff8cab70000 - 0x00007ff8cac84000 	C:\WINDOWS\System32\RPCRT4.dll
0x00007ff8cc5f0000 - 0x00007ff8cc661000 	C:\WINDOWS\System32\WS2_32.dll
0x00007ff8c07f0000 - 0x00007ff8c07fa000 	C:\WINDOWS\SYSTEM32\VERSION.dll
0x00007ff8c4570000 - 0x00007ff8c45a4000 	C:\WINDOWS\SYSTEM32\WINMM.dll
0x00007ff8c96f0000 - 0x00007ff8c973d000 	C:\WINDOWS\SYSTEM32\POWRPROF.dll
0x00007ff8c96d0000 - 0x00007ff8c96e3000 	C:\WINDOWS\SYSTEM32\UMPDC.dll
0x00007ff89aad0000 - 0x00007ff89abea000 	C:\Program Files\Topaz OFD\Warsaw\wslbscr64.dll
0x00007ff8cbcd0000 - 0x00007ff8cc566000 	C:\WINDOWS\System32\SHELL32.dll
0x00007ff8c9fa0000 - 0x00007ff8ca0df000 	C:\WINDOWS\System32\wintypes.dll
0x00007ff8cb2a0000 - 0x00007ff8cb632000 	C:\WINDOWS\System32\combase.dll
0x00007ff8c8960000 - 0x00007ff8c8994000 	C:\WINDOWS\SYSTEM32\ntmarta.dll
0x00007ff8c8850000 - 0x00007ff8c8868000 	C:\WINDOWS\SYSTEM32\kernel.appcore.dll
0x00007ff8a2370000 - 0x00007ff8a237a000 	c:\Users\patri\.vscode\extensions\redhat.java-1.42.2025040208-win32-x64\jre\21.0.6-win32-x86_64\bin\jimage.dll
0x00007ff8c7320000 - 0x00007ff8c7552000 	C:\WINDOWS\SYSTEM32\DBGHELP.DLL
0x000001fd20df0000 - 0x000001fd20ec7000 	C:\WINDOWS\System32\OLEAUT32.dll
0x00007ff8b8570000 - 0x00007ff8b85a2000 	C:\WINDOWS\SYSTEM32\dbgcore.DLL
0x00007ff8c9dd0000 - 0x00007ff8c9e4b000 	C:\WINDOWS\System32\bcryptPrimitives.dll
0x00007ff8a2360000 - 0x00007ff8a236f000 	c:\Users\patri\.vscode\extensions\redhat.java-1.42.2025040208-win32-x64\jre\21.0.6-win32-x86_64\bin\instrument.dll
0x00007ff894c80000 - 0x00007ff894c9f000 	c:\Users\patri\.vscode\extensions\redhat.java-1.42.2025040208-win32-x64\jre\21.0.6-win32-x86_64\bin\java.dll
0x00007ff89a310000 - 0x00007ff89a40a000 	C:\Program Files\Topaz OFD\Warsaw\wslbscrwh64.dll
0x00007ff8c7740000 - 0x00007ff8c805a000 	C:\WINDOWS\SYSTEM32\windows.storage.dll
0x000001fd7d000000 - 0x000001fd7d10a000 	C:\WINDOWS\System32\SHCORE.dll
0x000001fd35f50000 - 0x000001fd35fb3000 	C:\WINDOWS\System32\shlwapi.dll
0x00007ff8c9750000 - 0x00007ff8c977b000 	C:\WINDOWS\SYSTEM32\profapi.dll
0x00007ff893760000 - 0x00007ff893778000 	c:\Users\patri\.vscode\extensions\redhat.java-1.42.2025040208-win32-x64\jre\21.0.6-win32-x86_64\bin\zip.dll
0x00007ff899a80000 - 0x00007ff899a90000 	C:\Users\patri\.vscode\extensions\redhat.java-1.42.2025040208-win32-x64\jre\21.0.6-win32-x86_64\bin\net.dll
0x00007ff8c45b0000 - 0x00007ff8c46dc000 	C:\WINDOWS\SYSTEM32\WINHTTP.dll
0x00007ff8c8cd0000 - 0x00007ff8c8d3a000 	C:\WINDOWS\system32\mswsock.dll
0x00007ff892bb0000 - 0x00007ff892bc6000 	C:\Users\patri\.vscode\extensions\redhat.java-1.42.2025040208-win32-x64\jre\21.0.6-win32-x86_64\bin\nio.dll
0x00007ff898480000 - 0x00007ff898490000 	c:\Users\patri\.vscode\extensions\redhat.java-1.42.2025040208-win32-x64\jre\21.0.6-win32-x86_64\bin\verify.dll
0x00007ff88c3c0000 - 0x00007ff88c405000 	C:\Users\patri\AppData\Roaming\Code\User\globalStorage\redhat.java\1.42.2025040208\config_ss_win\org.eclipse.equinox.launcher\org.eclipse.equinox.launcher.win32.win32.x86_64_1.2.1300.v20250331-1702\eclipse_11911.dll
0x00007ff8ca790000 - 0x00007ff8ca931000 	C:\WINDOWS\System32\ole32.dll
0x00007ff893660000 - 0x00007ff89366a000 	C:\Users\patri\.vscode\extensions\redhat.java-1.42.2025040208-win32-x64\jre\21.0.6-win32-x86_64\bin\management.dll
0x00007ff8929d0000 - 0x00007ff8929db000 	C:\Users\patri\.vscode\extensions\redhat.java-1.42.2025040208-win32-x64\jre\21.0.6-win32-x86_64\bin\management_ext.dll
0x00007ff8cc570000 - 0x00007ff8cc578000 	C:\WINDOWS\System32\PSAPI.DLL
0x00007ff8c8f20000 - 0x00007ff8c8f3b000 	C:\WINDOWS\SYSTEM32\CRYPTSP.dll
0x00007ff8c87b0000 - 0x00007ff8c87e7000 	C:\WINDOWS\system32\rsaenh.dll
0x00007ff8c8dc0000 - 0x00007ff8c8de8000 	C:\WINDOWS\SYSTEM32\USERENV.dll
0x00007ff8c8f40000 - 0x00007ff8c8f4c000 	C:\WINDOWS\SYSTEM32\CRYPTBASE.dll
0x00007ff8c82c0000 - 0x00007ff8c82ed000 	C:\WINDOWS\SYSTEM32\IPHLPAPI.DLL
0x00007ff8ca940000 - 0x00007ff8ca949000 	C:\WINDOWS\System32\NSI.dll

dbghelp: loaded successfully - version: 4.0.5 - missing functions: none
symbol engine: initialized successfully - sym options: 0x614 - pdb path: .;c:\Users\patri\.vscode\extensions\redhat.java-1.42.2025040208-win32-x64\jre\21.0.6-win32-x86_64\bin;C:\WINDOWS\SYSTEM32;C:\WINDOWS\WinSxS\amd64_microsoft.windows.common-controls_6595b64144ccf1df_6.0.22621.5124_none_270e8f4f7386d69d;c:\Users\patri\.vscode\extensions\redhat.java-1.42.2025040208-win32-x64\jre\21.0.6-win32-x86_64\bin\server;C:\Program Files\Topaz OFD\Warsaw;C:\Users\patri\AppData\Roaming\Code\User\globalStorage\redhat.java\1.42.2025040208\config_ss_win\org.eclipse.equinox.launcher\org.eclipse.equinox.launcher.win32.win32.x86_64_1.2.1300.v20250331-1702

VM Arguments:
jvm_args: --add-modules=ALL-SYSTEM --add-opens=java.base/java.util=ALL-UNNAMED --add-opens=java.base/java.lang=ALL-UNNAMED --add-opens=java.base/sun.nio.fs=ALL-UNNAMED -Declipse.application=org.eclipse.jdt.ls.core.id1 -Dosgi.bundles.defaultStartLevel=4 -Declipse.product=org.eclipse.jdt.ls.core.product -Djava.import.generatesMetadataFilesAtProjectRoot=false -DDetectVMInstallationsJob.disabled=true -Dfile.encoding=utf8 -XX:+UseParallelGC -XX:GCTimeRatio=4 -XX:AdaptiveSizePolicyWeight=90 -Dsun.zip.disableMemoryMapping=true -Xmx1G -Xms100m -Xlog:disable -javaagent:c:\Users\patri\.vscode\extensions\redhat.java-1.42.2025040208-win32-x64\lombok\lombok-1.18.36.jar 
java_command: c:\Users\patri\.vscode\extensions\redhat.java-1.42.2025040208-win32-x64\server\plugins\org.eclipse.equinox.launcher_1.7.0.v20250331-1702.jar -configuration c:\Users\patri\AppData\Roaming\Code\User\globalStorage\redhat.java\1.42.2025040208\config_ss_win -data c:\Users\patri\AppData\Roaming\Code\User\workspaceStorage\f09a05064db91790f4a48b3105d2d507\redhat.java\ss_ws --pipe=\\.\pipe\lsp-49bfe861bc1f3c1be76d71e536933db2-sock
java_class_path (initial): c:\Users\patri\.vscode\extensions\redhat.java-1.42.2025040208-win32-x64\server\plugins\org.eclipse.equinox.launcher_1.7.0.v20250331-1702.jar
Launcher Type: SUN_STANDARD

[Global flags]
    uintx AdaptiveSizePolicyWeight                 = 90                                        {product} {command line}
     intx CICompilerCount                          = 4                                         {product} {ergonomic}
    uintx GCTimeRatio                              = 4                                         {product} {command line}
   size_t InitialHeapSize                          = 104857600                                 {product} {command line}
   size_t MaxHeapSize                              = 1073741824                                {product} {command line}
   size_t MaxNewSize                               = 357564416                                 {product} {ergonomic}
   size_t MinHeapDeltaBytes                        = 524288                                    {product} {ergonomic}
   size_t MinHeapSize                              = 104857600                                 {product} {command line}
   size_t NewSize                                  = 34603008                                  {product} {ergonomic}
    uintx NonNMethodCodeHeapSize                   = 5839372                                {pd product} {ergonomic}
    uintx NonProfiledCodeHeapSize                  = 122909434                              {pd product} {ergonomic}
   size_t OldSize                                  = 70254592                                  {product} {ergonomic}
    uintx ProfiledCodeHeapSize                     = 122909434                              {pd product} {ergonomic}
    uintx ReservedCodeCacheSize                    = 251658240                              {pd product} {ergonomic}
     bool SegmentedCodeCache                       = true                                      {product} {ergonomic}
   size_t SoftMaxHeapSize                          = 1073741824                             {manageable} {ergonomic}
     bool UseCompressedOops                        = true                           {product lp64_product} {ergonomic}
     bool UseLargePagesIndividualAllocation        = false                                  {pd product} {ergonomic}
     bool UseParallelGC                            = true                                      {product} {command line}

Logging:
Log output configuration:
 #0: stdout all=off uptime,level,tags foldmultilines=false
 #1: stderr all=off uptime,level,tags foldmultilines=false

Environment Variables:
JAVA_HOME=C:\Users\patri\Java\jdk-21.0.2
PATH=C:\Program Files\Common Files\Oracle\Java\javapath;C:\Program Files\Java\jdk-20\bin;C:\Program Files\Amazon Corretto\jdk1.8.0_382\bin;C:\Program Files (x86)\Common Files\Oracle\Java\javapath;C:\WINDOWS\system32;C:\WINDOWS;C:\WINDOWS\System32\Wbem;C:\WINDOWS\System32\WindowsPowerShell\v1.0\;C:\WINDOWS\System32\OpenSSH\;C:\Program Files\Git\cmd;C:\Users\patri\Downloads\apache-maven-3.9.6-bin (2)\apache-maven-3.9.6\bin;C:\Users\patri\Java\jdk-21.0.2\bin;C:\Program Files\nodejs\;C:\ProgramData\chocolatey\bin;C:\Users\patri\AppData\Local\Programs\Python\Python313\Scripts\;C:\Users\patri\AppData\Local\Programs\Python\Python313\;C:\Program Files\MySQL\MySQL Shell 8.0\bin\;C:\Users\patri\AppData\Local\Microsoft\WindowsApps;C:\Users\patri\AppData\Local\Programs\Microsoft VS Code\bin;C:\Users\patri\Downloads\apache-maven-3.9.6-bin (2)\apache-maven-3.9.6\bin\bin;C:\Users\patri\Java\jdk-21.0.2\bin;C:\Users\patri\AppData\Roaming\npm
USERNAME=patri
OS=Windows_NT
PROCESSOR_IDENTIFIER=AMD64 Family 23 Model 104 Stepping 1, AuthenticAMD
TMP=C:\Users\patri\AppData\Local\Temp
TEMP=C:\Users\patri\AppData\Local\Temp




Periodic native trim disabled

---------------  S Y S T E M  ---------------

OS:
 Windows 11 , 64 bit Build 22621 (10.0.22621.5124)
OS uptime: 2 days 0:53 hours

CPU: total 12 (initial active 12) (12 cores per cpu, 2 threads per core) family 23 model 104 stepping 1 microcode 0x0, cx8, cmov, fxsr, ht, mmx, 3dnowpref, sse, sse2, sse3, ssse3, sse4a, sse4.1, sse4.2, popcnt, lzcnt, tsc, tscinvbit, avx, avx2, aes, clmul, bmi1, bmi2, adx, sha, fma, vzeroupper, clflush, clflushopt, rdtscp, rdpid, f16c
Processor Information for processor 0
  Max Mhz: 2100, Current Mhz: 2100, Mhz Limit: 2100
Processor Information for processor 1
  Max Mhz: 2100, Current Mhz: 2100, Mhz Limit: 2100
Processor Information for processor 2
  Max Mhz: 2100, Current Mhz: 2100, Mhz Limit: 2100
Processor Information for processor 3
  Max Mhz: 2100, Current Mhz: 1988, Mhz Limit: 2100
Processor Information for processor 4
  Max Mhz: 2100, Current Mhz: 2100, Mhz Limit: 2100
Processor Information for processor 5
  Max Mhz: 2100, Current Mhz: 1988, Mhz Limit: 2100
Processor Information for processor 6
  Max Mhz: 2100, Current Mhz: 2100, Mhz Limit: 2100
Processor Information for processor 7
  Max Mhz: 2100, Current Mhz: 2100, Mhz Limit: 2100
Processor Information for processor 8
  Max Mhz: 2100, Current Mhz: 2100, Mhz Limit: 2100
Processor Information for processor 9
  Max Mhz: 2100, Current Mhz: 2100, Mhz Limit: 2100
Processor Information for processor 10
  Max Mhz: 2100, Current Mhz: 2100, Mhz Limit: 2100
Processor Information for processor 11
  Max Mhz: 2100, Current Mhz: 2100, Mhz Limit: 2100

Memory: 4k page, system-wide physical 5989M (522M free)
TotalPageFile size 24421M (AvailPageFile size 7M)
current process WorkingSet (physical memory assigned to process): 159M, peak: 168M
current process commit charge ("private bytes"): 280M, peak: 288M

vm_info: OpenJDK 64-Bit Server VM (21.0.6+7-LTS) for windows-amd64 JRE (21.0.6+7-LTS), built on 2025-01-21T00:00:00Z by "admin" with MS VC++ 17.7 (VS2022)

END.
